Post Processor Report
OrCAD FILE: E:\PCB\MIRACLE\PCBS\NAV_BETTER BOARD\LAYOUT\BOARD.MAX
Thu Jul 13 02:25:09 2017

*********************************************************

Output file: E:\PCB\MIRACLE\PCBS\NAV_BETTER BOARD\LAYOUT\BOARD.TOP LAYER

Aperture totals for E:\PCB\MIRACLE\PCBS\NAV_BETTER BOARD\LAYOUT\BOARD.TOP LAYER:
---------------------------------------------------------
D10:  0.0980 SQUARE --       0 Draws,       2 Flashes
D11:  0.0980 ROUND  --       0 Draws,       8 Flashes
D12:  0.0750 ROUND  --       0 Draws,      64 Flashes
D13:  0.0750 SQUARE --       0 Draws,      10 Flashes
D18:  0.0200 ROUND  --       0 Draws,       8 Flashes
D19:  0.0980 x 0.0590 OBLONG    -----      33 Flashes
D20:  0.1200 ROUND  --       0 Draws,       8 Flashes
D21:  0.0630 ROUND  --       0 Draws,      52 Flashes
D22:  0.0630 SQUARE --       0 Draws,       8 Flashes
D23:  0.0590 x 0.0980 OBLONG    -----       4 Flashes
D24:  0.0790 ROUND  --       0 Draws,      73 Flashes
D25:  0.0980 x 0.0790 OBLONG    -----      12 Flashes
D27:  0.0790 x 0.0910 OBLONG    -----      10 Flashes
D28:  0.0790 x 0.0910 RECTANGLE -----       2 Flashes
D29:  0.0100 ROUND  --      27 Draws,       0 Flashes
D30:  0.0140 ROUND  --       0 Draws,     418 Flashes
D48:  0.0120 ROUND  --     421 Draws,       0 Flashes
D49:  0.0080 ROUND  --       8 Draws,       0 Flashes
D52:  0.0790 x 0.0630 OBLONG    -----      48 Flashes
D53:  0.0430 ROUND  --       0 Draws,      73 Flashes
D54:  0.0200 ROUND  --      19 Draws,       0 Flashes
D55:  0.0390 ROUND  --     175 Draws,       0 Flashes
D56:  0.0350 ROUND  --      39 Draws,       0 Flashes
D63:  0.0790 x 0.0980 OBLONG    -----       3 Flashes
---------------------------------------------------------
 24 D-Codes      -----     689 Draws,     836 Flashes

*********************************************************

Output file: E:\PCB\MIRACLE\PCBS\NAV_BETTER BOARD\LAYOUT\BOARD.BOTTOM LAYER

Aperture totals for E:\PCB\MIRACLE\PCBS\NAV_BETTER BOARD\LAYOUT\BOARD.BOTTOM LAYER:
---------------------------------------------------------
D10:  0.0980 SQUARE --       0 Draws,       2 Flashes
D11:  0.0980 ROUND  --       0 Draws,       8 Flashes
D12:  0.0750 ROUND  --       0 Draws,      64 Flashes
D13:  0.0750 SQUARE --       0 Draws,      10 Flashes
D18:  0.0200 ROUND  --       0 Draws,       8 Flashes
D19:  0.0980 x 0.0590 OBLONG    -----      33 Flashes
D20:  0.1200 ROUND  --       0 Draws,       8 Flashes
D21:  0.0630 ROUND  --       0 Draws,      52 Flashes
D22:  0.0630 SQUARE --       0 Draws,       8 Flashes
D23:  0.0590 x 0.0980 OBLONG    -----       4 Flashes
D24:  0.0790 ROUND  --       0 Draws,      73 Flashes
D25:  0.0980 x 0.0790 OBLONG    -----      12 Flashes
D27:  0.0790 x 0.0910 OBLONG    -----      10 Flashes
D28:  0.0790 x 0.0910 RECTANGLE -----       2 Flashes
D29:  0.0100 ROUND  --      27 Draws,       0 Flashes
D30:  0.0140 ROUND  --       0 Draws,     418 Flashes
D48:  0.0120 ROUND  --     251 Draws,       0 Flashes
D49:  0.0080 ROUND  --       2 Draws,       0 Flashes
D52:  0.0790 x 0.0630 OBLONG    -----      48 Flashes
D53:  0.0430 ROUND  --       0 Draws,      73 Flashes
D54:  0.0200 ROUND  --      41 Draws,       0 Flashes
D55:  0.0390 ROUND  --     283 Draws,       0 Flashes
D56:  0.0350 ROUND  --      36 Draws,       0 Flashes
D63:  0.0790 x 0.0980 OBLONG    -----       3 Flashes
---------------------------------------------------------
 24 D-Codes      -----     640 Draws,     836 Flashes

*********************************************************

Output file: E:\PCB\MIRACLE\PCBS\NAV_BETTER BOARD\LAYOUT\BOARD.SOLDER MASK TOP

Aperture totals for E:\PCB\MIRACLE\PCBS\NAV_BETTER BOARD\LAYOUT\BOARD.SOLDER MASK TOP:
---------------------------------------------------------
D18:  0.0200 ROUND  --       0 Draws,       8 Flashes
D20:  0.1200 ROUND  --       0 Draws,       8 Flashes
D21:  0.0630 ROUND  --       0 Draws,      52 Flashes
D22:  0.0630 SQUARE --       0 Draws,       8 Flashes
D24:  0.0790 ROUND  --       0 Draws,      64 Flashes
D31:  0.1100 SQUARE --       0 Draws,       2 Flashes
D32:  0.1100 ROUND  --       0 Draws,       4 Flashes
D33:  0.0790 SQUARE --       0 Draws,      10 Flashes
D36:  0.1020 ROUND  --       0 Draws,       4 Flashes
D39:  0.1020 x 0.0610 OBLONG    -----      33 Flashes
D40:  0.0610 x 0.1020 OBLONG    -----       4 Flashes
D41:  0.0390 ROUND  --       0 Draws,       6 Flashes
D44:  0.0830 ROUND  --       0 Draws,      67 Flashes
D45:  0.0870 x 0.0980 OBLONG    -----      10 Flashes
D46:  0.0870 x 0.0980 RECTANGLE -----       2 Flashes
D57:  0.0830 x 0.0650 OBLONG    -----      48 Flashes
D58:  0.0450 ROUND  --       0 Draws,      73 Flashes
D64:  0.1020 x 0.0830 OBLONG    -----      12 Flashes
D65:  0.0830 x 0.1020 OBLONG    -----       3 Flashes
---------------------------------------------------------
 19 D-Codes      -----       0 Draws,     418 Flashes

*********************************************************

Output file: E:\PCB\MIRACLE\PCBS\NAV_BETTER BOARD\LAYOUT\BOARD.SOLDER MASK BOTOM

Aperture totals for E:\PCB\MIRACLE\PCBS\NAV_BETTER BOARD\LAYOUT\BOARD.SOLDER MASK BOTOM:
---------------------------------------------------------
D18:  0.0200 ROUND  --       0 Draws,       8 Flashes
D20:  0.1200 ROUND  --       0 Draws,       8 Flashes
D21:  0.0630 ROUND  --       0 Draws,      52 Flashes
D22:  0.0630 SQUARE --       0 Draws,       8 Flashes
D24:  0.0790 ROUND  --       0 Draws,      64 Flashes
D31:  0.1100 SQUARE --       0 Draws,       2 Flashes
D32:  0.1100 ROUND  --       0 Draws,       4 Flashes
D33:  0.0790 SQUARE --       0 Draws,      10 Flashes
D36:  0.1020 ROUND  --       0 Draws,       4 Flashes
D39:  0.1020 x 0.0610 OBLONG    -----      33 Flashes
D40:  0.0610 x 0.1020 OBLONG    -----       4 Flashes
D41:  0.0390 ROUND  --       0 Draws,       6 Flashes
D44:  0.0830 ROUND  --       0 Draws,      67 Flashes
D45:  0.0870 x 0.0980 OBLONG    -----      10 Flashes
D46:  0.0870 x 0.0980 RECTANGLE -----       2 Flashes
D57:  0.0830 x 0.0650 OBLONG    -----      48 Flashes
D58:  0.0450 ROUND  --       0 Draws,      73 Flashes
D64:  0.1020 x 0.0830 OBLONG    -----      12 Flashes
D65:  0.0830 x 0.1020 OBLONG    -----       3 Flashes
---------------------------------------------------------
 19 D-Codes      -----       0 Draws,     418 Flashes

*********************************************************

Output file: E:\PCB\MIRACLE\PCBS\NAV_BETTER BOARD\LAYOUT\BOARD.SST

Aperture totals for E:\PCB\MIRACLE\PCBS\NAV_BETTER BOARD\LAYOUT\BOARD.SST:
---------------------------------------------------------
D29:  0.0100 ROUND  --    1607 Draws,       0 Flashes
D47:  0.0160 ROUND  --       9 Draws,       0 Flashes
D48:  0.0120 ROUND  --    1484 Draws,       0 Flashes
D49:  0.0080 ROUND  --     434 Draws,       0 Flashes
D50:  0.0010 ROUND  --      72 Draws,       0 Flashes
---------------------------------------------------------
  5 D-Codes      -----    3606 Draws,       0 Flashes

*********************************************************

Output file: E:\PCB\MIRACLE\PCBS\NAV_BETTER BOARD\LAYOUT\BOARD.DRILL DRAWING

Aperture totals for E:\PCB\MIRACLE\PCBS\NAV_BETTER BOARD\LAYOUT\BOARD.DRILL DRAWING:
---------------------------------------------------------
D29:  0.0100 ROUND  --    2592 Draws,       0 Flashes
D51:  0.0040 ROUND  --       5 Draws,       0 Flashes
---------------------------------------------------------
  2 D-Codes      -----    2597 Draws,       0 Flashes


*********************************************************

Aperture totals for entire project:
---------------------------------------------------------
D10:  0.0980 SQUARE --       0 Draws,       4 Flashes
D11:  0.0980 ROUND  --       0 Draws,      16 Flashes
D12:  0.0750 ROUND  --       0 Draws,     128 Flashes
D13:  0.0750 SQUARE --       0 Draws,      20 Flashes
D18:  0.0200 ROUND  --       0 Draws,      32 Flashes
D19:  0.0980 x 0.0590 OBLONG    -----      66 Flashes
D20:  0.1200 ROUND  --       0 Draws,      32 Flashes
D21:  0.0630 ROUND  --       0 Draws,     208 Flashes
D22:  0.0630 SQUARE --       0 Draws,      32 Flashes
D23:  0.0590 x 0.0980 OBLONG    -----       8 Flashes
D24:  0.0790 ROUND  --       0 Draws,     274 Flashes
D25:  0.0980 x 0.0790 OBLONG    -----      24 Flashes
D27:  0.0790 x 0.0910 OBLONG    -----      20 Flashes
D28:  0.0790 x 0.0910 RECTANGLE -----       4 Flashes
D29:  0.0100 ROUND  --    4253 Draws,       0 Flashes
D30:  0.0140 ROUND  --       0 Draws,     836 Flashes
D31:  0.1100 SQUARE --       0 Draws,       4 Flashes
D32:  0.1100 ROUND  --       0 Draws,       8 Flashes
D33:  0.0790 SQUARE --       0 Draws,      20 Flashes
D36:  0.1020 ROUND  --       0 Draws,       8 Flashes
D39:  0.1020 x 0.0610 OBLONG    -----      66 Flashes
D40:  0.0610 x 0.1020 OBLONG    -----       8 Flashes
D41:  0.0390 ROUND  --       0 Draws,      12 Flashes
D44:  0.0830 ROUND  --       0 Draws,     134 Flashes
D45:  0.0870 x 0.0980 OBLONG    -----      20 Flashes
D46:  0.0870 x 0.0980 RECTANGLE -----       4 Flashes
D47:  0.0160 ROUND  --       9 Draws,       0 Flashes
D48:  0.0120 ROUND  --    2156 Draws,       0 Flashes
D49:  0.0080 ROUND  --     444 Draws,       0 Flashes
D50:  0.0010 ROUND  --      72 Draws,       0 Flashes
D51:  0.0040 ROUND  --       5 Draws,       0 Flashes
D52:  0.0790 x 0.0630 OBLONG    -----      96 Flashes
D53:  0.0430 ROUND  --       0 Draws,     146 Flashes
D54:  0.0200 ROUND  --      60 Draws,       0 Flashes
D55:  0.0390 ROUND  --     458 Draws,       0 Flashes
D56:  0.0350 ROUND  --      75 Draws,       0 Flashes
D57:  0.0830 x 0.0650 OBLONG    -----      96 Flashes
D58:  0.0450 ROUND  --       0 Draws,     146 Flashes
D63:  0.0790 x 0.0980 OBLONG    -----       6 Flashes
D64:  0.1020 x 0.0830 OBLONG    -----      24 Flashes
D65:  0.0830 x 0.1020 OBLONG    -----       6 Flashes
---------------------------------------------------------
 41 D-Codes      -----    7532 Draws,    2508 Flashes


No warnings or errors.
